The system is: Windows - 10.0.19041 - AMD64
Compiling the C compiler identification source file "CMakeCCompilerId.c" succeeded.
Compiler: C:/Program Files (x86)/Microsoft Visual Studio/2019/Community/VC/Tools/MSVC/14.27.29110/bin/Hostx64/x64/cl.exe 
Build flags: 
Id flags:  

The output was:
0
Microsoft (R) C/C++ wersja kompilatora optymalizującego 19.27.29111 dla x64
Copyright (C) Microsoft Corporation. Wszystkie prawa zastrzeżone.

CMakeCCompilerId.c
Microsoft (R) Incremental Linker Version 14.27.29111.0
Copyright (C) Microsoft Corporation.  All rights reserved.

/out:CMakeCCompilerId.exe 
CMakeCCompilerId.obj 


Compilation of the C compiler identification source "CMakeCCompilerId.c" produced "CMakeCCompilerId.exe"

Compilation of the C compiler identification source "CMakeCCompilerId.c" produced "CMakeCCompilerId.obj"

The C compiler identification is MSVC, found in "F:/Studia/4SemestrINF/GKiW/Projekt/pl_szkielet_06_win/glm/out/build/x64-Debug (domyślnie)/CMakeFiles/3.17.20032601-MSVC_2/CompilerIdC/CMakeCCompilerId.exe"

Compiling the CXX compiler identification source file "CMakeCXXCompilerId.cpp" succeeded.
Compiler: C:/Program Files (x86)/Microsoft Visual Studio/2019/Community/VC/Tools/MSVC/14.27.29110/bin/Hostx64/x64/cl.exe 
Build flags: 
Id flags:  

The output was:
0
Microsoft (R) C/C++ wersja kompilatora optymalizującego 19.27.29111 dla x64
Copyright (C) Microsoft Corporation. Wszystkie prawa zastrzeżone.

CMakeCXXCompilerId.cpp
Microsoft (R) Incremental Linker Version 14.27.29111.0
Copyright (C) Microsoft Corporation.  All rights reserved.

/out:CMakeCXXCompilerId.exe 
CMakeCXXCompilerId.obj 


Compilation of the CXX compiler identification source "CMakeCXXCompilerId.cpp" produced "CMakeCXXCompilerId.exe"

Compilation of the CXX compiler identification source "CMakeCXXCompilerId.cpp" produced "CMakeCXXCompilerId.obj"

The CXX compiler identification is MSVC, found in "F:/Studia/4SemestrINF/GKiW/Projekt/pl_szkielet_06_win/glm/out/build/x64-Debug (domyślnie)/CMakeFiles/3.17.20032601-MSVC_2/CompilerIdCXX/CMakeCXXCompilerId.exe"

Determining if the C compiler works passed with the following output:
Change Dir: F:/Studia/4SemestrINF/GKiW/Projekt/pl_szkielet_06_win/glm/out/build/x64-Debug (domyślnie)/CMakeFiles/CMakeTmp

Run Build Command(s):C:/Program Files (x86)/Microsoft Visual Studio/2019/Community/Common7/IDE/CommonExtensions/Microsoft/CMake/Ninja/ninja.exe cmTC_9034a && [1/2] Building C object CMakeFiles\cmTC_9034a.dir\testCCompiler.c.obj
[2/2] Linking C executable cmTC_9034a.exe



Detecting C compiler ABI info compiled with the following output:
Change Dir: F:/Studia/4SemestrINF/GKiW/Projekt/pl_szkielet_06_win/glm/out/build/x64-Debug (domyślnie)/CMakeFiles/CMakeTmp

Run Build Command(s):C:/Program Files (x86)/Microsoft Visual Studio/2019/Community/Common7/IDE/CommonExtensions/Microsoft/CMake/Ninja/ninja.exe cmTC_a9a59 && [1/2] Building C object CMakeFiles\cmTC_a9a59.dir\CMakeCCompilerABI.c.obj
[2/2] Linking C executable cmTC_a9a59.exe



Determining if the CXX compiler works passed with the following output:
Change Dir: F:/Studia/4SemestrINF/GKiW/Projekt/pl_szkielet_06_win/glm/out/build/x64-Debug (domyślnie)/CMakeFiles/CMakeTmp

Run Build Command(s):C:/Program Files (x86)/Microsoft Visual Studio/2019/Community/Common7/IDE/CommonExtensions/Microsoft/CMake/Ninja/ninja.exe cmTC_ff0ef && [1/2] Building CXX object CMakeFiles\cmTC_ff0ef.dir\testCXXCompiler.cxx.obj
[2/2] Linking CXX executable cmTC_ff0ef.exe



Detecting CXX compiler ABI info compiled with the following output:
Change Dir: F:/Studia/4SemestrINF/GKiW/Projekt/pl_szkielet_06_win/glm/out/build/x64-Debug (domyślnie)/CMakeFiles/CMakeTmp

Run Build Command(s):C:/Program Files (x86)/Microsoft Visual Studio/2019/Community/Common7/IDE/CommonExtensions/Microsoft/CMake/Ninja/ninja.exe cmTC_a76e5 && [1/2] Building CXX object CMakeFiles\cmTC_a76e5.dir\CMakeCXXCompilerABI.cpp.obj
[2/2] Linking CXX executable cmTC_a76e5.exe



